2025-06-25 10:46:04,768 [INFO] Rapport pour GTM CONSTRUCTION vers pgarrigues@tibco.fr avec Data_IA,IMAC
2025-06-25 10:48:42,349 [INFO] Ok, rapport envoyé vers HA-DWH.
2025-06-25 10:48:43,645 [INFO] Script lancé en arrière-plan avec succès
2025-06-25 15:51:38,633 [INFO] Page principale appelée avec succès
2025-06-25 15:51:47,029 [INFO] Rapport pour 2 H ENERGY vers pgarrigues@tibco.fr avec 
2025-06-25 15:51:59,419 [INFO] Rapport pour Burger King vers pgarrigues@tibco.fr avec 
2025-06-25 15:54:36,308 [INFO] Ok, rapport envoyé vers HA-DWH.
2025-06-25 15:55:23,408 [INFO] Ok, rapport envoyé vers HA-DWH.
2025-06-25 16:01:17,994 [INFO] Rapport pour Burger King vers pgarrigues@tibco.fr avec 
2025-06-25 16:04:43,577 [INFO] Ok, rapport envoyé vers HA-DWH.
2025-06-25 16:04:44,720 [INFO] Script lancé en arrière-plan avec succès
2025-06-25 16:04:51,349 [INFO] Rapport pour Burger King vers pgarrigues@tibco.fr avec 
2025-06-25 16:06:48,519 [INFO] Ok, rapport envoyé vers HA-DWH.
2025-06-25 16:06:49,536 [INFO] Script lancé en arrière-plan avec succès
2025-06-25 16:55:00,657 [INFO] Rapport pour gruzeip vers pgarrigues@tibco.fr avec 
2025-06-25 16:57:38,595 [INFO] Ok, rapport envoyé vers HA-DWH.
2025-06-25 17:06:28,664 [INFO] Rapport pour GRAPHIBUS vers pgarrigues@tibco.fr avec e-Commerce,IMAC
2025-06-25 17:09:19,460 [INFO] Ok, rapport envoyé vers HA-DWH.
2025-06-25 17:09:20,710 [INFO] Script lancé en arrière-plan avec succès
2025-06-25 17:11:39,858 [INFO] Rapport pour TOYOTA EPINAL vers pgarrigues@tibco.fr avec e-Commerce,IMAC
2025-06-25 17:13:56,076 [INFO] Ok, rapport envoyé vers HA-DWH.
2025-06-25 17:13:57,458 [INFO] Script lancé en arrière-plan avec succès
2025-07-22 09:29:39,963 [INFO] Page principale appelée avec succès
2025-07-22 09:37:07,727 [INFO] Page principale appelée avec succès
2025-07-22 09:37:48,503 [INFO] Rapport pour AIRBUS vers pgarrigues@tibco.fr avec Data_IA,IMAC
2025-07-22 09:41:18,899 [INFO] Rapport pour AIRBUS vers pgarrigues@tibco.fr avec Data_IA,IMAC
2025-07-22 09:41:59,347 [INFO] Script lancé en arrière-plan avec succès
2025-07-22 09:42:48,744 [INFO] Rapport pour AIRBUS vers pgarrigues@tibco.fr avec Data_IA,IMAC
2025-07-22 09:44:31,243 [INFO] Rapport pour AIRBUS vers pgarrigues@tibco.fr avec Data_IA,IMAC
2025-07-22 09:45:05,031 [INFO] Page principale appelée avec succès
2025-07-22 09:45:17,947 [INFO] Rapport pour AIRBUS vers  avec Data_IA,IMAC
2025-07-22 09:46:53,534 [INFO] Ok, rapport envoyé vers HA-DWH.
2025-07-22 09:46:55,154 [INFO] Ok, rapport envoyé vers HA-DWH.
2025-07-22 09:46:56,180 [INFO] Script lancé en arrière-plan avec succès
2025-07-22 09:50:12,502 [INFO] Rapport pour AIRBUS vers pgarrigues@tibco.fr avec Data_IA,IMAC
2025-07-22 09:52:09,810 [INFO] Ok, rapport envoyé vers HA-DWH.
2025-07-22 09:52:10,987 [INFO] Script lancé en arrière-plan avec succès
2025-07-22 09:53:56,325 [INFO] Rapport pour AIRBUS vers pgarrigues@tibco.fr avec Data_IA,IMAC
2025-07-22 09:57:37,453 [INFO] Rapport pour AIRBUS vers pgarrigues@tibco.fr avec Data_IA,IMAC
2025-07-22 10:00:06,007 [INFO] Ok, rapport envoyé vers HA-DWH.
2025-07-22 10:00:07,119 [INFO] Script lancé en arrière-plan avec succès
2025-07-22 10:02:40,427 [INFO] Rapport pour AIRBUS vers pgarrigues@tibco.fr avec Data_IA,IMAC
2025-07-22 10:03:35,929 [INFO] article wikipédia trouvé
2025-07-22 10:04:53,100 [INFO] Ok, rapport envoyé vers HA-DWH.
2025-07-22 10:04:54,009 [INFO] Script lancé en arrière-plan avec succès
2025-07-22 10:34:13,638 [INFO] Rapport pour AIRBUS vers pgarrigues@tibco.fr avec 
2025-07-22 10:35:43,895 [INFO] article wikipédia trouvé
2025-07-22 10:35:53,751 [INFO] Script lancé en arrière-plan avec succès
2025-07-22 10:36:27,658 [INFO] Rapport pour AIRBUS vers pgarrigues@tibco.fr avec 
2025-07-22 10:37:08,188 [INFO] article wikipédia trouvé
2025-07-22 10:38:07,483 [INFO] Ok, rapport envoyé vers HA-DWH.
2025-07-22 10:38:10,727 [INFO] Rapport pour AIRBUS vers pgarrigues@tibco.fr avec 
2025-07-22 10:38:36,328 [INFO] Rapport pour AIRBUS vers pgarrigues@tibco.fr avec 
2025-07-22 10:38:44,100 [INFO] Page principale appelée avec succès
2025-07-22 10:39:21,084 [INFO] Rapport pour AIRBUS vers pgarrigues@tibco.fr avec 
2025-07-22 10:40:02,252 [INFO] article wikipédia trouvé
2025-07-22 10:41:22,221 [INFO] Ok, rapport envoyé vers HA-DWH.
2025-07-22 10:41:50,688 [INFO] Rapport pour AIRBUS vers pgarrigues@tibco.fr avec 
2025-07-22 10:43:18,908 [INFO] article wikipédia trouvé
2025-07-22 10:44:04,033 [INFO] Rapport pour AIRBUS vers pgarrigues@tibco.fr avec 
2025-07-22 10:44:24,780 [INFO] Ok, rapport envoyé vers HA-DWH.
2025-07-22 10:44:41,224 [INFO] article wikipédia trouvé
2025-07-22 10:45:54,760 [INFO] Ok, rapport envoyé vers HA-DWH.
2025-07-22 10:45:55,720 [INFO] Script lancé en arrière-plan avec succès
2025-07-22 10:48:10,127 [INFO] Rapport pour AIRBUS vers pgarrigues@tibco.fr avec 
2025-07-22 10:48:46,163 [INFO] article wikipédia trouvé
2025-07-22 10:50:13,832 [INFO] Ok, rapport envoyé vers HA-DWH.
2025-07-22 10:50:14,832 [INFO] Script lancé en arrière-plan avec succès
2025-07-22 11:01:35,389 [INFO] Rapport pour AIRBUS vers pgarrigues@tibco.fr avec 
2025-07-22 11:02:58,040 [INFO] Rapport pour AIRBUS vers pgarrigues@tibco.fr avec 
2025-07-22 11:03:12,105 [INFO] article wikipédia trouvé
2025-07-22 11:03:36,055 [INFO] article wikipédia trouvé
2025-07-22 11:04:00,565 [INFO] Rapport pour AIRBUS vers pgarrigues@tibco.fr avec 
2025-07-22 11:04:41,494 [INFO] Rapport pour AIRBUS vers pgarrigues@tibco.fr avec 
2025-07-22 11:05:21,271 [INFO] article wikipédia trouvé
2025-07-22 11:06:27,224 [INFO] Ok, rapport envoyé vers HA-DWH.
2025-07-22 11:06:28,182 [INFO] Script lancé en arrière-plan avec succès
2025-07-22 11:07:54,530 [INFO] Rapport pour AIRBUS vers pgarrigues@tibco.fr avec 
2025-07-22 11:08:38,772 [INFO] article wikipédia trouvé
2025-07-22 11:10:02,853 [INFO] Ok, rapport envoyé vers HA-DWH.
2025-07-22 11:10:03,891 [INFO] Script lancé en arrière-plan avec succès
2025-07-22 11:43:43,324 [INFO] Rapport pour MC DONALD'S vers pgarrigues@tibco.fr avec 
2025-07-22 11:46:19,034 [INFO] article wikipédia trouvé
2025-07-22 11:47:53,777 [INFO] Ok, rapport envoyé vers HA-DWH.
2025-07-22 11:51:17,716 [INFO] Rapport pour MC DONALD'S vers pgarrigues@tibco.fr avec 
2025-07-22 11:52:01,674 [INFO] article wikipédia trouvé
2025-07-22 11:53:32,741 [INFO] Ok, rapport envoyé vers HA-DWH.
2025-07-22 11:53:33,837 [INFO] Script lancé en arrière-plan avec succès
2025-07-22 11:55:25,632 [INFO] Rapport pour Burger King vers pgarrigues@tibco.fr avec 
2025-07-22 11:56:47,857 [INFO] article wikipédia trouvé
2025-07-22 11:58:01,168 [INFO] Ok, rapport envoyé vers HA-DWH.
2025-07-22 11:58:02,396 [INFO] Script lancé en arrière-plan avec succès
2025-07-22 12:00:14,774 [INFO] Rapport pour Burger King vers pgarrigues@tibco.fr avec 
2025-07-22 12:02:04,570 [INFO] article wikipédia trouvé
2025-07-22 12:03:50,179 [INFO] Ok, rapport envoyé vers HA-DWH.
2025-07-22 12:03:51,444 [INFO] Script lancé en arrière-plan avec succès
2025-07-22 12:07:43,353 [INFO] Rapport pour ABATTOIRS JEFFROY vers pgarrigues@tibco.fr avec 
2025-07-22 12:08:37,505 [INFO] article wikipédia trouvé
2025-07-22 12:10:07,944 [INFO] Ok, rapport envoyé vers HA-DWH.
2025-07-22 12:10:09,172 [INFO] Script lancé en arrière-plan avec succès
2025-08-19 14:04:39,288 [INFO] Page principale appelée avec succès
2025-08-19 14:48:46,960 [INFO] Page principale appelée avec succès
2025-08-19 14:49:06,113 [INFO] Rapport pour BOUYGUES IMMOBILIER vers pgarrigues@tibco.fr avec 
2025-08-19 14:50:45,733 [INFO] Page principale appelée avec succès
2025-08-19 14:52:11,679 [INFO] article wikipédia trouvé
2025-08-19 14:55:12,067 [INFO] Ok, rapport envoyé vers HA-DWH.
2025-09-08 16:01:03,226 [INFO] Page principale appelée avec succès
2025-09-08 16:14:47,142 [INFO] Page principale appelée avec succès
2025-09-08 16:16:31,012 [INFO] Page principale appelée avec succès
2025-09-08 16:17:33,961 [INFO] Rapport pour 123 SANTE vers pgarrigues@tibco.fr avec 
2025-09-08 16:19:32,419 [INFO] article wikipédia trouvé
2025-09-08 16:23:09,156 [INFO] Rapport pour 123 SANTE vers pgarrigues@tibco.fr avec 
2025-09-08 16:23:14,011 [INFO] Page principale appelée avec succès
2025-09-08 16:23:47,521 [INFO] article wikipédia trouvé
2025-09-08 16:23:57,140 [INFO] Rapport pour AIRBUS vers pgarrigues@tibco.fr avec 
2025-09-08 16:23:58,669 [INFO] Page principale appelée avec succès
2025-09-08 16:24:45,717 [INFO] article wikipédia trouvé
2025-09-08 16:26:45,558 [INFO] Ok, rapport envoyé vers HA-DWH.
2025-09-08 16:27:21,081 [INFO] Ok, rapport envoyé vers HA-DWH.
2025-09-08 16:30:19,392 [INFO] Page principale appelée avec succès
2025-09-08 16:30:46,901 [INFO] Page principale appelée avec succès
2025-09-08 16:32:29,308 [INFO] article wikipédia trouvé
2025-09-08 16:34:21,239 [INFO] Ok, rapport envoyé vers HA-DWH.
2025-09-08 16:34:22,222 [INFO] Script lancé en arrière-plan avec succès
2025-09-08 16:39:19,655 [INFO] Page principale appelée avec succès
2025-09-08 16:39:25,076 [INFO] Page principale appelée avec succès
2025-09-08 16:40:33,537 [INFO] Aucun texte récupéré ou problème d'article Wikipédia.
2025-09-08 16:42:52,430 [INFO] Ok, rapport envoyé vers HA-DWH.
2025-09-08 16:42:53,422 [INFO] Script lancé en arrière-plan avec succès
